Arguments: 
  /snap/node/3168/bin/node /snap/node/3168/bin/yarn.js config get registry

PATH: 
  /home/leonardo/Aulas/trybe-exercises/bloco_11/11_2/node_modules/.bin:/home/leonardo/Aulas/trybe-exercises/bloco_11/node_modules/.bin:/home/leonardo/Aulas/trybe-exercises/node_modules/.bin:/home/leonardo/Aulas/node_modules/.bin:/home/leonardo/node_modules/.bin:/home/node_modules/.bin:/node_modules/.bin:/home/leonardo/.nvm/versions/node/v15.1.0/lib/node_modules/npm/node_modules/@npmcli/run-script/lib/node-gyp-bin:/home/leonardo/.npm/_npx/c67e74de0542c87c/node_modules/.bin:/home/leonardo/.nvm/versions/node/v15.1.0/bin:/usr/local/sbin:/usr/local/bin:/usr/sbin:/usr/bin:/sbin:/bin:/usr/games:/usr/local/games:/snap/bin

Yarn version: 
  1.22.5

Node version: 
  12.19.0

Platform: 
  linux x64

Trace: 
  Error: ../../../../../package.json: EACCES: permission denied, write
      at writeSync (fs.js:679:3)
      at SyncWriteStream._write (internal/fs/sync_write_stream.js:24:3)
      at doWrite (_stream_writable.js:403:12)
      at writeOrBuffer (_stream_writable.js:387:5)
      at SyncWriteStream.Writable.write (_stream_writable.js:318:11)
      at ConsoleReporter.warn (/snap/node/3168/lib/cli.js:96792:17)
      at warn (/snap/node/3168/lib/cli.js:51521:23)
      at module.exports.exports.default (/snap/node/3168/lib/cli.js:37358:7)
      at /snap/node/3168/lib/cli.js:51532:51
      at Generator.next (<anonymous>)

npm manifest: 
  {
    "name": "exemplo-de-aula",
    "version": "0.1.0",
    "private": true
  }

yarn manifest: 
  No manifest

Lockfile: 
  No lockfile
